<?xml version="1.0" encoding="UTF-8"?>
<!-- Generated by org.testng.reporters.JUnitXMLReporter -->
<testsuite ignored="0" hostname="LAPTOP-OJF22CP7" failures="0" tests="4" name="Default test" time="43.822" errors="0" timestamp="2023-01-19T15:29:07 IST">
  <testcase classname="com.cjc.Demoblaze.Test.DemoblazeTest" name="Registercheck" time="2.775"/>
  <testcase classname="com.cjc.Demoblaze.Test.DemoblazeTest" name="Logintest" time="3.151"/>
  <testcase classname="com.cjc.Demoblaze.Test.DemoblazeTest" name="addtocart" time="11.099"/>
  <testcase classname="com.cjc.Demoblaze.Test.DemoblazeTest" name="ordplace" time="23.879"/>
</testsuite> <!-- Default test -->
