<?xml version="1.0" encoding="UTF-8"?>
<testng-results ignored="0" total="4" passed="4" failed="0" skipped="0">
  <reporter-output>
  </reporter-output>
  <suite started-at="2023-01-19T15:28:24 IST" name="Default suite" finished-at="2023-01-19T15:29:07 IST" duration-ms="43822">
    <groups>
    </groups>
    <test started-at="2023-01-19T15:28:24 IST" name="Default test" finished-at="2023-01-19T15:29:07 IST" duration-ms="43822">
      <class name="com.cjc.Demoblaze.Test.DemoblazeTest">
        <test-method is-config="true" signature="Openbrowser()[pri:0, instance:com.cjc.Demoblaze.Test.DemoblazeTest@5656be13]" started-at="2023-01-19T15:28:22 IST" name="Openbrowser" finished-at="2023-01-19T15:28:24 IST" duration-ms="1288" status="PASS">
          <reporter-output>
          </reporter-output>
        </test-method> <!-- Openbrowser -->
        <test-method is-config="true" signature="openurl()[pri:0, instance:com.cjc.Demoblaze.Test.DemoblazeTest@5656be13]" started-at="2023-01-19T15:28:24 IST" name="openurl" finished-at="2023-01-19T15:28:26 IST" duration-ms="2712" status="PASS">
          <reporter-output>
          </reporter-output>
        </test-method> <!-- openurl -->
        <test-method is-config="true" signature="windowshandle()[pri:0, instance:com.cjc.Demoblaze.Test.DemoblazeTest@5656be13]" started-at="2023-01-19T15:28:26 IST" name="windowshandle" finished-at="2023-01-19T15:28:26 IST" duration-ms="140" status="PASS">
          <reporter-output>
          </reporter-output>
        </test-method> <!-- windowshandle -->
        <test-method signature="Registercheck()[pri:0, instance:com.cjc.Demoblaze.Test.DemoblazeTest@5656be13]" started-at="2023-01-19T15:28:26 IST" name="Registercheck" finished-at="2023-01-19T15:28:29 IST" duration-ms="2775" status="PASS">
          <reporter-output>
          </reporter-output>
        </test-method> <!-- Registercheck -->
        <test-method signature="Logintest()[pri:1, instance:com.cjc.Demoblaze.Test.DemoblazeTest@5656be13]" started-at="2023-01-19T15:28:29 IST" name="Logintest" finished-at="2023-01-19T15:28:32 IST" duration-ms="3151" status="PASS">
          <reporter-output>
          </reporter-output>
        </test-method> <!-- Logintest -->
        <test-method signature="addtocart()[pri:2, instance:com.cjc.Demoblaze.Test.DemoblazeTest@5656be13]" started-at="2023-01-19T15:28:32 IST" name="addtocart" finished-at="2023-01-19T15:28:44 IST" duration-ms="11099" status="PASS">
          <reporter-output>
          </reporter-output>
        </test-method> <!-- addtocart -->
        <test-method signature="ordplace()[pri:3, instance:com.cjc.Demoblaze.Test.DemoblazeTest@5656be13]" started-at="2023-01-19T15:28:44 IST" name="ordplace" finished-at="2023-01-19T15:29:07 IST" duration-ms="23879" status="PASS">
          <reporter-output>
          </reporter-output>
        </test-method> <!-- ordplace -->
        <test-method is-config="true" signature="browserclosed()[pri:0, instance:com.cjc.Demoblaze.Test.DemoblazeTest@5656be13]" started-at="2023-01-19T15:29:07 IST" name="browserclosed" finished-at="2023-01-19T15:29:24 IST" duration-ms="16270" status="PASS">
          <reporter-output>
          </reporter-output>
        </test-method> <!-- browserclosed -->
      </class> <!-- com.cjc.Demoblaze.Test.DemoblazeTest -->
    </test> <!-- Default test -->
  </suite> <!-- Default suite -->
</testng-results>
